<?xml version="1.0" encoding="UTF-8"?>
<testng-results ignored="0" total="3" passed="3" failed="0" skipped="0">
  <reporter-output>
  </reporter-output>
  <suite started-at="2021-11-04T16:33:13Z" name="Default suite" finished-at="2021-11-04T16:38:26Z" duration-ms="313403">
    <groups>
    </groups>
    <test started-at="2021-11-04T16:33:13Z" name="Default test" finished-at="2021-11-04T16:38:26Z" duration-ms="313403">
      <class name="main.main">
        <test-method is-config="true" signature="setPage()[pri:0, instance:main.main@1a6d8329]" started-at="2021-11-04T16:33:13Z" name="setPage" finished-at="2021-11-04T16:33:35Z" duration-ms="22650" status="PASS">
          <reporter-output>
          </reporter-output>
        </test-method> <!-- setPage -->
        <test-method signature="saveURLs()[pri:0, instance:main.main@1a6d8329]" started-at="2021-11-04T16:33:36Z" name="saveURLs" finished-at="2021-11-04T16:33:43Z" duration-ms="7530" status="PASS">
          <reporter-output>
          </reporter-output>
        </test-method> <!-- saveURLs -->
        <test-method signature="setBpAds()[pri:1, instance:main.main@1a6d8329]" started-at="2021-11-04T16:33:43Z" name="setBpAds" finished-at="2021-11-04T16:33:49Z" duration-ms="5464" status="PASS">
          <reporter-output>
          </reporter-output>
        </test-method> <!-- setBpAds -->
        <test-method signature="openAds()[pri:2, instance:main.main@1a6d8329]" started-at="2021-11-04T16:33:49Z" name="openAds" finished-at="2021-11-04T16:38:25Z" duration-ms="276536" status="PASS">
          <reporter-output>
          </reporter-output>
        </test-method> <!-- openAds -->
        <test-method is-config="true" signature="closeBrowser()[pri:0, instance:main.main@1a6d8329]" started-at="2021-11-04T16:38:25Z" name="closeBrowser" finished-at="2021-11-04T16:38:26Z" duration-ms="1176" status="PASS">
          <reporter-output>
          </reporter-output>
        </test-method> <!-- closeBrowser -->
      </class> <!-- main.main -->
    </test> <!-- Default test -->
  </suite> <!-- Default suite -->
</testng-results>
