<?xml version="1.0" encoding="UTF-8"?>
<testng-results ignored="0" total="1" passed="1" failed="0" skipped="0">
  <reporter-output>
  </reporter-output>
  <suite started-at="2021-10-06T17:56:57Z" name="Default suite" finished-at="2021-10-06T17:58:07Z" duration-ms="70191">
    <groups>
    </groups>
    <test started-at="2021-10-06T17:56:57Z" name="Default test" finished-at="2021-10-06T17:58:07Z" duration-ms="70191">
      <class name="main.main">
        <test-method is-config="true" signature="setPage()[pri:0, instance:main.main@3f6f6701]" started-at="2021-10-06T17:56:57Z" name="setPage" finished-at="2021-10-06T17:57:14Z" duration-ms="17466" status="PASS">
          <reporter-output>
          </reporter-output>
        </test-method> <!-- setPage -->
        <test-method signature="main()[pri:0, instance:main.main@3f6f6701]" started-at="2021-10-06T17:57:15Z" name="main" finished-at="2021-10-06T17:57:47Z" duration-ms="32629" status="PASS">
          <reporter-output>
          </reporter-output>
        </test-method> <!-- main -->
        <test-method is-config="true" signature="closeBrowser()[pri:0, instance:main.main@3f6f6701]" started-at="2021-10-06T17:57:47Z" name="closeBrowser" finished-at="2021-10-06T17:58:07Z" duration-ms="19963" status="PASS">
          <reporter-output>
          </reporter-output>
        </test-method> <!-- closeBrowser -->
      </class> <!-- main.main -->
    </test> <!-- Default test -->
  </suite> <!-- Default suite -->
</testng-results>
